
=== Fri Nov 22 20:47:46 2019

Packages were changed.
Update Mode: mergeDefaultDependencies

The following packages were added:
  com.unity.textmeshpro@2.0.1
  com.unity.package-manager-ui@2.2.0
  com.unity.collab-proxy@1.2.16
  com.unity.ext.nunit@1.0.0
  com.unity.test-framework@1.0.13
  com.unity.timeline@1.1.0
  com.unity.ide.vscode@1.1.2
  com.unity.ide.rider@1.1.0
  com.unity.ugui@1.0.0
  com.unity.modules.ai@1.0.0
  com.unity.modules.animation@1.0.0
  com.unity.modules.androidjni@1.0.0
  com.unity.modules.assetbundle@1.0.0
  com.unity.modules.audio@1.0.0
  com.unity.modules.cloth@1.0.0
  com.unity.modules.director@1.0.0
  com.unity.modules.imageconversion@1.0.0
  com.unity.modules.imgui@1.0.0
  com.unity.modules.jsonserialize@1.0.0
  com.unity.modules.particlesystem@1.0.0
  com.unity.modules.physics@1.0.0
  com.unity.modules.physics2d@1.0.0
  com.unity.modules.screencapture@1.0.0
  com.unity.modules.terrain@1.0.0
  com.unity.modules.terrainphysics@1.0.0
  com.unity.modules.tilemap@1.0.0
  com.unity.modules.ui@1.0.0
  com.unity.modules.uielements@1.0.0
  com.unity.modules.umbra@1.0.0
  com.unity.modules.unityanalytics@1.0.0
  com.unity.modules.unitywebrequest@1.0.0
  com.unity.modules.unitywebrequestassetbundle@1.0.0
  com.unity.modules.unitywebrequestaudio@1.0.0
  com.unity.modules.unitywebrequesttexture@1.0.0
  com.unity.modules.unitywebrequestwww@1.0.0
  com.unity.modules.vehicles@1.0.0
  com.unity.modules.video@1.0.0
  com.unity.modules.vr@1.0.0
  com.unity.modules.wind@1.0.0
  com.unity.modules.xr@1.0.0

=== Tue May  4 23:08:51 2021

Packages were changed.
Update Mode: updateDependencies

The following packages were added:
  com.unity.ide.visualstudio@2.0.7
The following packages were updated:
  com.unity.collab-proxy from version 1.2.16 to 1.3.9
  com.unity.ext.nunit from version 1.0.0 to 1.0.6
  com.unity.ide.rider from version 1.1.0 to 2.0.7
  com.unity.ide.vscode from version 1.1.2 to 1.2.3
  com.unity.postprocessing from version 2.1.7 to 2.3.0
  com.unity.test-framework from version 1.0.13 to 1.1.24
  com.unity.textmeshpro from version 2.0.1 to 3.0.1
  com.unity.timeline from version 1.1.0 to 1.4.7
The following packages were removed:
  com.unity.package-manager-ui@2.2.0

=== Wed Oct 27 00:11:49 2021

Packages were changed.
Update Mode: updateDependencies

The following packages were updated:
  com.unity.2d.pixel-perfect from version 4.0.1 to 5.0.1
  com.unity.addressables from version 1.16.19 to 1.18.16
  com.unity.collab-proxy from version 1.3.9 to 1.13.5
  com.unity.ide.rider from version 2.0.7 to 3.0.7
  com.unity.ide.visualstudio from version 2.0.7 to 2.0.11
  com.unity.ide.vscode from version 1.2.3 to 1.2.4
  com.unity.render-pipelines.universal from version 10.4.0 to 11.0.0
  com.unity.shadergraph from version 10.4.0 to 11.0.0
  com.unity.test-framework from version 1.1.24 to 1.1.29
  com.unity.timeline from version 1.4.8 to 1.5.6

=== Thu Feb 26 15:58:47 2026

Packages were changed.
Update Mode: updateDependencies

The following packages were updated:
  com.unity.2d.pixel-perfect from version 5.0.1 to 5.0.3
  com.unity.addressables from version 1.18.16 to 1.19.19
  com.unity.collab-proxy from version 1.13.5 to 2.5.2
  com.unity.ide.rider from version 3.0.7 to 3.0.31
  com.unity.ide.visualstudio from version 2.0.11 to 2.0.22
  com.unity.ide.vscode from version 1.2.4 to 1.2.5
  com.unity.inputsystem from version 1.0.2 to 1.7.0
  com.unity.postprocessing from version 3.1.1 to 3.4.0
  com.unity.render-pipelines.universal from version 11.0.0 to 12.1.15
  com.unity.shadergraph from version 11.0.0 to 12.1.15
  com.unity.test-framework from version 1.1.29 to 1.1.33
  com.unity.timeline from version 1.5.6 to 1.6.5

=== Thu Feb 26 16:50:26 2026

Packages were changed.
Update Mode: updateDependencies

The following packages were added:
  com.unity.modules.adaptiveperformance@1.0.0
  com.unity.modules.vectorgraphics@1.0.0
  com.unity.ai.navigation@2.0.10
  com.unity.modules.accessibility@1.0.0
  com.unity.multiplayer.center@1.0.1
The following packages were updated:
  com.unity.2d.pixel-perfect from version 5.0.3 to 5.1.1
  com.unity.addressables from version 1.19.19 to 2.9.0
  com.unity.collab-proxy from version 2.5.2 to 2.11.3
  com.unity.ext.nunit from version 1.0.6 to 2.0.5
  com.unity.ide.rider from version 3.0.31 to 3.0.39
  com.unity.ide.visualstudio from version 2.0.22 to 2.0.26
  com.unity.inputsystem from version 1.7.0 to 1.18.0
  com.unity.postprocessing from version 3.4.0 to 3.5.1
  com.unity.render-pipelines.universal from version 12.1.15 to 17.3.0
  com.unity.shadergraph from version 12.1.15 to 17.3.0
  com.unity.test-framework from version 1.1.33 to 1.6.0
  com.unity.timeline from version 1.6.5 to 1.8.10
  com.unity.ugui from version 1.0.0 to 2.0.0
The following packages were removed:
  com.unity.textmeshpro@3.0.6
